<?xml version="1.0" encoding="UTF-8"?>
<testsuite name="org.apache.flink.training.exercises.ridecleansing.RideCleansingUnitTest" tests="4" skipped="0" failures="0" errors="0" timestamp="2023-12-18T07:42:02" hostname="DESKTOP-DI7LEE3" time="0.072">
  <properties/>
  <testcase name="testRideThatStartsAndEndsOutsideNYC" classname="org.apache.flink.training.exercises.ridecleansing.RideCleansingUnitTest" time="0.071"/>
  <testcase name="testRideThatEndsOutsideNYC" classname="org.apache.flink.training.exercises.ridecleansing.RideCleansingUnitTest" time="0.001"/>
  <testcase name="testRideThatStartsAndEndsInNYC" classname="org.apache.flink.training.exercises.ridecleansing.RideCleansingUnitTest" time="0.0"/>
  <testcase name="testRideThatStartsOutsideNYC" classname="org.apache.flink.training.exercises.ridecleansing.RideCleansingUnitTest" time="0.0"/>
  <system-out><![CDATA[]]></system-out>
  <system-err><![CDATA[]]></system-err>
</testsuite>
