<?xml version="1.0" encoding="UTF-8"?>
<testsuite name="org.apache.flink.training.exercises.longrides.LongRidesUnitTest" tests="7" skipped="0" failures="0" errors="0" timestamp="2023-12-18T08:25:34" hostname="DESKTOP-DI7LEE3" time="0.908">
  <properties/>
  <testcase name="shouldUseTimersAndState" classname="org.apache.flink.training.exercises.longrides.LongRidesUnitTest" time="0.878"/>
  <testcase name="shouldAlertWithEndFirst" classname="org.apache.flink.training.exercises.longrides.LongRidesUnitTest" time="0.006"/>
  <testcase name="shouldAlertOnWatermark" classname="org.apache.flink.training.exercises.longrides.LongRidesUnitTest" time="0.01"/>
  <testcase name="shouldNotAlertWithEndFirst" classname="org.apache.flink.training.exercises.longrides.LongRidesUnitTest" time="0.003"/>
  <testcase name="shouldAlertWithStartFirst" classname="org.apache.flink.training.exercises.longrides.LongRidesUnitTest" time="0.003"/>
  <testcase name="shouldNotAlertWithStartFirst" classname="org.apache.flink.training.exercises.longrides.LongRidesUnitTest" time="0.004"/>
  <testcase name="shouldNotAlertWithoutWatermarkOrEndEvent" classname="org.apache.flink.training.exercises.longrides.LongRidesUnitTest" time="0.003"/>
  <system-out><![CDATA[]]></system-out>
  <system-err><![CDATA[SLF4J: Class path contains multiple SLF4J bindings.
SLF4J: Found binding in [jar:file:/C:/Users/%d0%af%d0%bd%d0%b0/.gradle/caches/modules-2/files-2.1/org.apache.logging.log4j/log4j-slf4j-impl/2.17.1/84692d456bcce689355d33d68167875e486954dd/log4j-slf4j-impl-2.17.1.jar!/org/slf4j/impl/StaticLoggerBinder.class]
SLF4J: Found binding in [jar:file:/C:/Users/%d0%af%d0%bd%d0%b0/.gradle/caches/modules-2/files-2.1/org.apache.logging.log4j/log4j-slf4j-impl/2.12.1/14973e22497adaf0196d481fb99c5dc2a0b58d41/log4j-slf4j-impl-2.12.1.jar!/org/slf4j/impl/StaticLoggerBinder.class]
SLF4J: See http://www.slf4j.org/codes.html#multiple_bindings for an explanation.
SLF4J: Actual binding is of type [org.apache.logging.slf4j.Log4jLoggerFactory]
]]></system-err>
</testsuite>
